execve("/usr/bin/sh", ["sh"], 0x7ffe6dd9be70 /* 24 vars */) = 0
brk(NULL)                               = 0x56bf25b4e000
mmap(NULL, 8192, PROT_READ|PROT_WRITE, MAP_PRIVATE|MAP_ANONYMOUS, -1, 0) = 0x79ec0abff000
access("/etc/ld.so.preload", R_OK)      = -1 ENOENT (No such file or directory)
openat(AT_FDCWD, "/etc/ld.so.cache", O_RDONLY|O_CLOEXEC) = 3
fstat(3, {st_mode=S_IFREG|0644, st_size=30375, ...}) = 0
mmap(NULL, 30375, PROT_READ, MAP_PRIVATE, 3, 0) = 0x79ec0abf7000
close(3)                                = 0
openat(AT_FDCWD, "/lib/x86_64-linux-gnu/libc.so.6", O_RDONLY|O_CLOEXEC) = 3
read(3, "\177ELF\2\1\1\3\0\0\0\0\0\0\0\0\3\0>\0\1\0\0\0\220\243\2\0\0\0\0\0"..., 832) = 832
pread64(3, "\6\0\0\0\4\0\0\0@\0\0\0\0\0\0\0@\0\0\0\0\0\0\0@\0\0\0\0\0\0\0"..., 784, 64) = 784
fstat(3, {st_mode=S_IFREG|0755, st_size=2125328, ...}) = 0
pread64(3, "\6\0\0\0\4\0\0\0@\0\0\0\0\0\0\0@\0\0\0\0\0\0\0@\0\0\0\0\0\0\0"..., 784, 64) = 784
mmap(NULL, 2170256, PROT_READ, MAP_PRIVATE|MAP_DENYWRITE, 3, 0) = 0x79ec0a800000
mmap(0x79ec0a828000, 1605632, PROT_READ|PROT_EXEC, MAP_PRIVATE|MAP_FIXED|MAP_DENYWRITE, 3, 0x28000) = 0x79ec0a828000
mmap(0x79ec0a9b0000, 323584, PROT_READ, MAP_PRIVATE|MAP_FIXED|MAP_DENYWRITE, 3, 0x1b0000) = 0x79ec0a9b0000
mmap(0x79ec0a9ff000, 24576, PROT_READ|PROT_WRITE, MAP_PRIVATE|MAP_FIXED|MAP_DENYWRITE, 3, 0x1fe000) = 0x79ec0a9ff000
mmap(0x79ec0aa05000, 52624, PROT_READ|PROT_WRITE, MAP_PRIVATE|MAP_FIXED|MAP_ANONYMOUS, -1, 0) = 0x79ec0aa05000
close(3)                                = 0
mmap(NULL, 12288, PROT_READ|PROT_WRITE, MAP_PRIVATE|MAP_ANONYMOUS, -1, 0) = 0x79ec0abf4000
arch_prctl(ARCH_SET_FS, 0x79ec0abf4740) = 0
set_tid_address(0x79ec0abf4a10)         = 28549
set_robust_list(0x79ec0abf4a20, 24)     = 0
rseq(0x79ec0abf5060, 0x20, 0, 0x53053053) = 0
mprotect(0x79ec0a9ff000, 16384, PROT_READ) = 0
mprotect(0x56bf23edf000, 8192, PROT_READ) = 0
mprotect(0x79ec0ac37000, 8192, PROT_READ) = 0
prlimit64(0, RLIMIT_STACK, NULL, {rlim_cur=8192*1024, rlim_max=RLIM64_INFINITY}) = 0
munmap(0x79ec0abf7000, 30375)           = 0
getuid()                                = 0
getgid()                                = 0
getpid()                                = 28549
rt_sigaction(SIGCHLD, {sa_handler=0x56bf23ed4cd0, sa_mask=~[RTMIN RT_1], sa_flags=SA_RESTORER, sa_restorer=0x79ec0a845320}, NULL, 8) = 0
geteuid()                               = 0
getrandom("\x6a\x09\xe6\x3b\x8f\x9b\x91\xb9", 8, GRND_NONBLOCK) = 8
brk(NULL)                               = 0x56bf25b4e000
brk(0x56bf25b6f000)                     = 0x56bf25b6f000
getppid()                               = 28546
newfstatat(AT_FDCWD, "/home/vagrant/shadowBPF/src", {st_mode=S_IFDIR|0775, st_size=4096, ...}, 0) = 0
newfstatat(AT_FDCWD, ".", {st_mode=S_IFDIR|0775, st_size=4096, ...}, 0) = 0
ioctl(0, TCGETS, {c_iflag=ICRNL|IXON|IUTF8, c_oflag=NL0|CR0|TAB0|BS0|VT0|FF0|OPOST|ONLCR, c_cflag=B38400|CS8|CREAD, c_lflag=ISIG|ICANON|ECHO|ECHOE|ECHOK|IEXTEN|ECHOCTL|ECHOKE, ...}) = 0
ioctl(1, TCGETS, {c_iflag=ICRNL|IXON|IUTF8, c_oflag=NL0|CR0|TAB0|BS0|VT0|FF0|OPOST|ONLCR, c_cflag=B38400|CS8|CREAD, c_lflag=ISIG|ICANON|ECHO|ECHOE|ECHOK|IEXTEN|ECHOCTL|ECHOKE, ...}) = 0
geteuid()                               = 0
getegid()                               = 0
rt_sigaction(SIGINT, NULL, {sa_handler=SIG_DFL, sa_mask=[], sa_flags=0}, 8) = 0
rt_sigaction(SIGINT, {sa_handler=0x56bf23ed4cd0, sa_mask=~[RTMIN RT_1], sa_flags=SA_RESTORER, sa_restorer=0x79ec0a845320}, NULL, 8) = 0
rt_sigaction(SIGQUIT, NULL, {sa_handler=SIG_DFL, sa_mask=[], sa_flags=0}, 8) = 0
rt_sigaction(SIGQUIT, {sa_handler=SIG_IGN, sa_mask=~[RTMIN RT_1], sa_flags=SA_RESTORER, sa_restorer=0x79ec0a845320}, NULL, 8) = 0
rt_sigaction(SIGTERM, NULL, {sa_handler=SIG_DFL, sa_mask=[], sa_flags=0}, 8) = 0
rt_sigaction(SIGTERM, {sa_handler=SIG_IGN, sa_mask=~[RTMIN RT_1], sa_flags=SA_RESTORER, sa_restorer=0x79ec0a845320}, NULL, 8) = 0
openat(AT_FDCWD, "/dev/tty", O_RDWR)    = 3
fcntl(3, F_DUPFD, 10)                   = 10
close(3)                                = 0
fcntl(10, F_SETFD, FD_CLOEXEC)          = 0
ioctl(10, TIOCGPGRP, [28546])           = 0
getpgrp()                               = 28546
rt_sigaction(SIGTSTP, NULL, {sa_handler=SIG_DFL, sa_mask=[], sa_flags=0}, 8) = 0
rt_sigaction(SIGTSTP, {sa_handler=SIG_IGN, sa_mask=~[RTMIN RT_1], sa_flags=SA_RESTORER, sa_restorer=0x79ec0a845320}, NULL, 8) = 0
rt_sigaction(SIGTTOU, NULL, {sa_handler=SIG_DFL, sa_mask=[], sa_flags=0}, 8) = 0
rt_sigaction(SIGTTOU, {sa_handler=SIG_IGN, sa_mask=~[RTMIN RT_1], sa_flags=SA_RESTORER, sa_restorer=0x79ec0a845320}, NULL, 8) = 0
rt_sigaction(SIGTTIN, NULL, {sa_handler=SIG_DFL, sa_mask=[], sa_flags=0}, 8) = 0
rt_sigaction(SIGTTIN, {sa_handler=SIG_DFL, sa_mask=~[RTMIN RT_1], sa_flags=SA_RESTORER, sa_restorer=0x79ec0a845320}, NULL, 8) = 0
setpgid(0, 28549)                       = 0
rt_sigprocmask(SIG_SETMASK, ~[RTMIN RT_1], NULL, 8) = 0
ioctl(10, TIOCSPGRP, [28549])           = 0
rt_sigprocmask(SIG_SETMASK, [], ~[KILL STOP RTMIN RT_1], 8) = 0
newfstatat(AT_FDCWD, "/var/mail/root", 0x7ffc16bdb1e0, 0) = -1 ENOENT (No such file or directory)
newfstatat(AT_FDCWD, "/var/mail/roo", 0x7ffc16bdb1e0, 0) = -1 ENOENT (No such file or directory)
newfstatat(AT_FDCWD, "/var/mail/ro", 0x7ffc16bdb1e0, 0) = -1 ENOENT (No such file or directory)
newfstatat(AT_FDCWD, "/var/mail/r", 0x7ffc16bdb1e0, 0) = -1 ENOENT (No such file or directory)
newfstatat(AT_FDCWD, "/var/mail/", {st_mode=S_IFDIR|S_ISGID|0775, st_size=4096, ...}, 0) = 0
newfstatat(AT_FDCWD, "/var/mail", {st_mode=S_IFDIR|S_ISGID|0775, st_size=4096, ...}, 0) = 0
newfstatat(AT_FDCWD, "/var/mai", 0x7ffc16bdb1e0, 0) = -1 ENOENT (No such file or directory)
newfstatat(AT_FDCWD, "/var/ma", 0x7ffc16bdb1e0, 0) = -1 ENOENT (No such file or directory)
newfstatat(AT_FDCWD, "/var/m", 0x7ffc16bdb1e0, 0) = -1 ENOENT (No such file or directory)
newfstatat(AT_FDCWD, "/var/", {st_mode=S_IFDIR|0755, st_size=4096, ...}, 0) = 0
write(2, "# ", 2)                       = 2
read(0, 0x56bf23ee1ac0, 8192)           = ? ERESTARTSYS (To be restarted if SA_RESTART is set)
--- SIGINT {si_signo=SIGINT, si_code=SI_KERNEL} ---
rt_sigprocmask(SIG_SETMASK, [], ~[KILL STOP RTMIN RT_1], 8) = 0
write(2, "\n", 1)                       = 1
newfstatat(AT_FDCWD, "/var/mail/root", 0x7ffc16bdb1e0, 0) = -1 ENOENT (No such file or directory)
newfstatat(AT_FDCWD, "/var/mail/roo", 0x7ffc16bdb1e0, 0) = -1 ENOENT (No such file or directory)
newfstatat(AT_FDCWD, "/var/mail/ro", 0x7ffc16bdb1e0, 0) = -1 ENOENT (No such file or directory)
newfstatat(AT_FDCWD, "/var/mail/r", 0x7ffc16bdb1e0, 0) = -1 ENOENT (No such file or directory)
newfstatat(AT_FDCWD, "/var/mail/", {st_mode=S_IFDIR|S_ISGID|0775, st_size=4096, ...}, 0) = 0
newfstatat(AT_FDCWD, "/var/mail", {st_mode=S_IFDIR|S_ISGID|0775, st_size=4096, ...}, 0) = 0
newfstatat(AT_FDCWD, "/var/mai", 0x7ffc16bdb1e0, 0) = -1 ENOENT (No such file or directory)
newfstatat(AT_FDCWD, "/var/ma", 0x7ffc16bdb1e0, 0) = -1 ENOENT (No such file or directory)
newfstatat(AT_FDCWD, "/var/m", 0x7ffc16bdb1e0, 0) = -1 ENOENT (No such file or directory)
newfstatat(AT_FDCWD, "/var/", {st_mode=S_IFDIR|0755, st_size=4096, ...}, 0) = 0
write(2, "# ", 2)                       = 2
read(0, "", 8192)                       = 0
write(2, "\n", 1)                       = 1
rt_sigprocmask(SIG_SETMASK, ~[RTMIN RT_1], NULL, 8) = 0
ioctl(10, TIOCSPGRP, [28546])           = 0
rt_sigprocmask(SIG_SETMASK, [], ~[KILL STOP RTMIN RT_1], 8) = 0
setpgid(0, 28546)                       = 0
close(10)                               = 0
exit_group(130)                         = ?
+++ exited with 130 +++
